2018-06-12 19:38:42,959 INFO c.d.e.f.AdoptPetsPOMStyle [main] Chrome Driver Service completes! 
2018-06-12 19:38:46,257 INFO c.d.e.w.AdoptionSteps [main] Opened website! 
2018-06-12 19:38:46,258 INFO c.d.e.f.AdoptPetsPOMStyle [main] Load data completes! 
2018-06-12 19:38:46,258 INFO c.d.e.f.AdoptPetsPOMStyle [main] Set up completes! 
2018-06-12 19:38:46,787 INFO c.d.e.w.AdoptionSteps [main] next page. 
2018-06-12 19:38:46,898 INFO c.d.e.w.AdoptionSteps [main] Found Topsy 
2018-06-12 19:38:46,899 INFO c.d.e.f.AdoptPetsPOMStyle [main] Topsy is found! 
2018-06-12 19:38:46,979 INFO c.d.e.p.PetListingPage [main] View Topsy in details 
2018-06-12 19:38:47,754 INFO c.d.e.f.AdoptPetsPOMStyle [main] Topsy is adopted! 
2018-06-12 19:38:48,470 INFO c.d.e.f.AdoptPetsPOMStyle [main] the adoption is paid for! 
2018-06-12 19:38:48,513 INFO c.d.e.f.AdoptPetsPOMStyle [main] Received: Thank you for adopting a puppy! 
2018-06-12 19:39:08,632 INFO c.d.e.f.AdoptPetsPOMStyle [main] Chrome Driver Service completes! 
2018-06-12 19:39:12,077 INFO c.d.e.w.AdoptionSteps [main] Opened website! 
2018-06-12 19:39:12,077 INFO c.d.e.f.AdoptPetsPOMStyle [main] Load data completes! 
2018-06-12 19:39:12,077 INFO c.d.e.f.AdoptPetsPOMStyle [main] Set up completes! 
2018-06-12 19:39:12,544 INFO c.d.e.w.AdoptionSteps [main] next page. 
2018-06-12 19:39:12,639 INFO c.d.e.w.AdoptionSteps [main] Found Topsy 
2018-06-12 19:39:12,639 INFO c.d.e.f.AdoptPetsPOMStyle [main] Topsy is found! 
2018-06-12 19:39:12,721 INFO c.d.e.p.PetListingPage [main] View Topsy in details 
2018-06-12 19:39:13,418 INFO c.d.e.f.AdoptPetsPOMStyle [main] Topsy is adopted! 
2018-06-12 19:39:14,083 INFO c.d.e.f.AdoptPetsPOMStyle [main] the adoption is paid for! 
2018-06-12 19:39:14,130 INFO c.d.e.f.AdoptPetsPOMStyle [main] Received: Thank you for adopting a puppy! 
2018-06-12 19:40:06,433 INFO c.d.e.f.AdoptPetsPOMStyle [main] Chrome Driver Service completes! 
2018-06-12 19:40:09,810 INFO c.d.e.w.AdoptionSteps [main] Opened website! 
2018-06-12 19:40:09,810 INFO c.d.e.f.AdoptPetsPOMStyle [main] Load data completes! 
2018-06-12 19:40:09,810 INFO c.d.e.f.AdoptPetsPOMStyle [main] Set up completes! 
2018-06-12 19:40:10,218 INFO c.d.e.w.AdoptionSteps [main] next page. 
2018-06-12 19:40:10,335 INFO c.d.e.w.AdoptionSteps [main] Found Topsy 
2018-06-12 19:40:10,336 INFO c.d.e.f.AdoptPetsPOMStyle [main] Topsy is found! 
2018-06-12 19:40:10,416 INFO c.d.e.p.PetListingPage [main] View Topsy in details 
2018-06-12 19:40:10,986 INFO c.d.e.f.AdoptPetsPOMStyle [main] Topsy is adopted! 
2018-06-12 19:40:11,641 INFO c.d.e.f.AdoptPetsPOMStyle [main] the adoption is paid for! 
2018-06-12 19:40:11,683 INFO c.d.e.f.AdoptPetsPOMStyle [main] Received: Thank you for adopting a puppy! 
2018-06-13 07:34:33,649 INFO c.d.e.f.AdoptPetsPOMStyle [main] Chrome Driver Service completes! 
2018-06-13 07:34:37,529 INFO c.d.e.w.AdoptionStepsPOMStyle [main] Opened website! 
2018-06-13 07:34:37,529 INFO c.d.e.f.AdoptPetsPOMStyle [main] Load data completes! 
2018-06-13 07:34:37,529 INFO c.d.e.f.AdoptPetsPOMStyle [main] Set up completes! 
2018-06-13 07:34:37,971 INFO c.d.e.w.AdoptionStepsPOMStyle [main] next page. 
2018-06-13 07:34:38,063 INFO c.d.e.w.AdoptionStepsPOMStyle [main] Found Topsy 
2018-06-13 07:34:38,063 INFO c.d.e.f.AdoptPetsPOMStyle [main] Topsy is found! 
2018-06-13 07:34:38,146 INFO c.d.e.p.PetListingPage [main] View Topsy in details 
2018-06-13 07:34:39,057 INFO c.d.e.f.AdoptPetsPOMStyle [main] Topsy is adopted! 
2018-06-13 07:34:39,729 INFO c.d.e.f.AdoptPetsPOMStyle [main] The adoption is paid for! 
2018-06-13 07:34:39,775 INFO c.d.e.f.AdoptPetsPOMStyle [main] Received: Thank you for adopting a puppy! 
